1613663435496	geckodriver	INFO	Listening on 127.0.0.1:55111
1613663438533	mozrunner::runner	INFO	Running command: "C:\\Program Files\\Mozilla Firefox\\firefox.exe" "--marionette" "-foreground" "-no-remote" "-profile" "C:\\Users\\ojuar\\AppData\\Local\\Temp\\rust_mozprofilea1To4z"
console.warn: SearchSettings: "get: No settings file exists, new profile?" (new Error("", "(unknown module)"))
1613663444813	Marionette	INFO	Listening on port 55119
1613663444874	Marionette	WARN	TLS certificate errors will be ignored for this session
1613663444898	Marionette	ERROR	[15] No reply from Marionette:Register
console.warn: SearchSettings: "get: No settings file exists, new profile?" (new Error("", "(unknown module)"))
1613663475002	Marionette	INFO	Stopped listening on port 55119
JavaScript error: resource://gre/modules/AsyncShutdown.jsm, line 716: Error: Phase "Sqlite.jsm: wait until all connections are closed" is finished, it is too late to register completion condition "protections.sqlite#0: waiting for shutdown"

###!!! [Child][RunMessage] Error: Channel closing: too late to send/recv, messages will be lost


###!!! [Child][RunMessage] Error: Channel closing: too late to send/recv, messages will be lost

1616420779856	geckodriver	INFO	Listening on 127.0.0.1:60733
1616420782887	mozrunner::runner	INFO	Running command: "C:\\Program Files\\Mozilla Firefox\\firefox.exe" "--marionette" "-foreground" "-no-remote" "-profile" "C:\\Users\\ojuar\\AppData\\Local\\Temp\\rust_mozprofileaoTRip"
console.warn: SearchSettings: "get: No settings file exists, new profile?" (new Error("", "(unknown module)"))
1616420787669	Marionette	INFO	Listening on port 60743
1616420788216	Marionette	WARN	TLS certificate errors will be ignored for this session
1616420788231	Marionette	ERROR	[15] No reply from Marionette:Register
console.warn: SearchSettings: "get: No settings file exists, new profile?" (new Error("", "(unknown module)"))
1616420835375	Marionette	INFO	Stopped listening on port 60743

###!!! [Child][RunMessage] Error: Channel closing: too late to send/recv, messages will be lost

1616421275656	geckodriver	INFO	Listening on 127.0.0.1:61199
1616421278702	mozrunner::runner	INFO	Running command: "C:\\Program Files\\Mozilla Firefox\\firefox.exe" "--marionette" "-foreground" "-no-remote" "-profile" "C:\\Users\\ojuar\\AppData\\Local\\Temp\\rust_mozprofileG7V4eQ"
console.warn: SearchSettings: "get: No settings file exists, new profile?" (new Error("", "(unknown module)"))
1616421284498	Marionette	INFO	Listening on port 61208
1616421284531	Marionette	WARN	TLS certificate errors will be ignored for this session
1616421284556	Marionette	ERROR	[15] No reply from Marionette:Register
console.warn: SearchSettings: "get: No settings file exists, new profile?" (new Error("", "(unknown module)"))
JavaScript error: , line 0: NotFoundError: No such JSWindowActor 'MarionetteEvents'
1616421319858	Marionette	INFO	Stopped listening on port 61208
JavaScript error: resource://gre/modules/AsyncShutdown.jsm, line 716: Error: Phase "Sqlite.jsm: wait until all connections are closed" is finished, it is too late to register completion condition "protections.sqlite#0: waiting for shutdown"

###!!! [Child][RunMessage] Error: Channel closing: too late to send/recv, messages will be lost

